2016-07-20 22:12:20,390 [Worker-8] INFO  o.e.m.c.i.p.ProjectConfigurationManager - Collecting project info '/pom.xml' F:\Work\Autofix_Project\Autofix\api\pom.xml
2016-07-20 22:12:25,805 [Worker-8] INFO  o.e.m.c.i.l.LifecycleMappingFactory - Using org.maven.ide.eclipse.wtp.WarLifecycleMapping lifecycle mapping for MavenProject: com.autofix.dev:api:0.0.1-SNAPSHOT @ F:\Work\Autofix_Project\Autofix\api\pom.xml.
2016-07-20 22:12:29,846 [Worker-8] INFO  o.e.m.j.i.AbstractJavaProjectConfigurator - Adding source folder /api/src/main/java
2016-07-20 22:12:29,846 [Worker-8] INFO  o.e.m.j.i.AbstractJavaProjectConfigurator - Adding resource folder /api/src/main/resources
2016-07-20 22:12:29,858 [Worker-8] INFO  o.e.m.j.i.AbstractJavaProjectConfigurator - Adding source folder /api/src/test/java
2016-07-20 22:12:30,393 [Worker-19] INFO  o.e.m.c.i.l.LifecycleMappingFactory - Using org.maven.ide.eclipse.wtp.WarLifecycleMapping lifecycle mapping for MavenProject: com.autofix.dev:api:0.0.1-SNAPSHOT @ F:\Work\Autofix_Project\Autofix\api\pom.xml.
2016-07-20 22:12:36,484 [Worker-8] INFO  o.e.m.c.i.p.ProjectConfigurationManager - Imported and configured 1 project(s) in 16 sec
2016-07-20 22:12:40,626 [Worker-23] INFO  o.e.m.c.i.l.LifecycleMappingFactory - Using org.maven.ide.eclipse.wtp.WarLifecycleMapping lifecycle mapping for MavenProject: com.autofix.dev:api:0.0.1-SNAPSHOT @ F:\Work\Autofix_Project\Autofix\api\pom.xml.
2016-07-20 22:12:41,528 [Worker-23] INFO  o.e.m.c.i.embedder.EclipseLogger - Using 'UTF-8' encoding to copy filtered resources.
2016-07-20 22:12:41,563 [Worker-23] INFO  o.e.m.c.i.embedder.EclipseLogger - Copying 0 resource
2016-07-20 22:12:41,567 [Worker-23] INFO  o.e.m.c.i.embedder.EclipseLogger - Using 'UTF-8' encoding to copy filtered resources.
2016-07-20 22:12:41,567 [Worker-23] INFO  o.e.m.c.i.embedder.EclipseLogger - skip non existing resourceDirectory F:\Work\Autofix_Project\Autofix\api\src\test\resources
2016-07-20 22:14:25,886 [Worker-22] INFO  o.e.m.c.i.l.LifecycleMappingFactory - Using org.maven.ide.eclipse.wtp.WarLifecycleMapping lifecycle mapping for MavenProject: com.autofix.dev:api:0.0.1-SNAPSHOT @ F:\Work\Autofix_Project\Autofix\autofix_api\pom.xml.
2016-07-20 22:14:28,783 [Worker-14] INFO  o.e.m.c.i.embedder.EclipseLogger - Using 'UTF-8' encoding to copy filtered resources.
2016-07-20 22:14:28,783 [Worker-14] INFO  o.e.m.c.i.embedder.EclipseLogger - Copying 0 resource
2016-07-20 22:14:28,787 [Worker-14] INFO  o.e.m.c.i.embedder.EclipseLogger - Using 'UTF-8' encoding to copy filtered resources.
2016-07-20 22:14:28,787 [Worker-14] INFO  o.e.m.c.i.embedder.EclipseLogger - skip non existing resourceDirectory F:\Work\Autofix_Project\Autofix\autofix_api\src\test\resources
2016-07-20 22:52:13,469 [Worker-26] INFO  o.e.m.c.i.p.ProjectConfigurationManager - Collecting project info '/pom.xml' F:\Work\Autofix_Project\Autofix\api\pom.xml
2016-07-20 22:52:13,775 [Worker-26] INFO  o.e.m.c.i.l.LifecycleMappingFactory - Using org.maven.ide.eclipse.wtp.WarLifecycleMapping lifecycle mapping for MavenProject: com.autofix.dev:api:0.0.1-SNAPSHOT @ F:\Work\Autofix_Project\Autofix\api\pom.xml.
2016-07-20 22:52:14,634 [Worker-26] INFO  o.e.m.j.i.AbstractJavaProjectConfigurator - Adding source folder /api/src/main/java
2016-07-20 22:52:14,634 [Worker-26] INFO  o.e.m.j.i.AbstractJavaProjectConfigurator - Adding resource folder /api/src/main/resources
2016-07-20 22:52:14,634 [Worker-26] INFO  o.e.m.j.i.AbstractJavaProjectConfigurator - Adding source folder /api/src/test/java
2016-07-20 22:52:15,912 [Worker-26] INFO  o.e.m.c.i.p.ProjectConfigurationManager - Imported and configured 1 project(s) in 2 sec
2016-07-20 22:52:16,741 [Worker-20] INFO  o.e.m.c.i.l.LifecycleMappingFactory - Using org.maven.ide.eclipse.wtp.WarLifecycleMapping lifecycle mapping for MavenProject: com.autofix.dev:api:0.0.1-SNAPSHOT @ F:\Work\Autofix_Project\Autofix\api\pom.xml.
2016-07-20 22:52:17,053 [Worker-14] INFO  o.e.m.c.i.l.LifecycleMappingFactory - Using org.maven.ide.eclipse.wtp.WarLifecycleMapping lifecycle mapping for MavenProject: com.autofix.dev:api:0.0.1-SNAPSHOT @ F:\Work\Autofix_Project\Autofix\api\pom.xml.
2016-07-20 22:52:18,246 [Worker-14] INFO  o.e.m.c.i.embedder.EclipseLogger - Using 'UTF-8' encoding to copy filtered resources.
2016-07-20 22:52:18,251 [Worker-14] INFO  o.e.m.c.i.embedder.EclipseLogger - Copying 0 resource
2016-07-20 22:52:18,251 [Worker-14] INFO  o.e.m.c.i.embedder.EclipseLogger - Using 'UTF-8' encoding to copy filtered resources.
2016-07-20 22:52:18,251 [Worker-14] INFO  o.e.m.c.i.embedder.EclipseLogger - skip non existing resourceDirectory F:\Work\Autofix_Project\Autofix\api\src\test\resources
2016-07-20 22:52:19,376 [Worker-29] INFO  o.e.m.c.i.l.LifecycleMappingFactory - Using org.maven.ide.eclipse.wtp.WarLifecycleMapping lifecycle mapping for MavenProject: com.autofix.dev:api:0.0.1-SNAPSHOT @ F:\Work\Autofix_Project\Autofix\api\pom.xml.
2016-07-20 22:52:20,739 [Worker-20] INFO  o.e.m.c.i.embedder.EclipseLogger - Using 'UTF-8' encoding to copy filtered resources.
2016-07-20 22:52:20,739 [Worker-20] INFO  o.e.m.c.i.embedder.EclipseLogger - Copying 0 resource
2016-07-20 22:52:20,739 [Worker-20] INFO  o.e.m.c.i.embedder.EclipseLogger - Using 'UTF-8' encoding to copy filtered resources.
2016-07-20 22:52:20,739 [Worker-20] INFO  o.e.m.c.i.embedder.EclipseLogger - skip non existing resourceDirectory F:\Work\Autofix_Project\Autofix\api\src\test\resources
2016-07-20 23:06:19,237 [Worker-27] INFO  o.e.m.c.i.p.ProjectConfigurationManager - Collecting project info '/pom.xml' F:\Work\Autofix_Project\Autofix\Autofix-API\pom.xml
2016-07-20 23:06:19,472 [Worker-27] INFO  o.e.m.c.i.l.LifecycleMappingFactory - Using org.maven.ide.eclipse.wtp.WarLifecycleMapping lifecycle mapping for MavenProject: com.autofix.dev:Autofix-API:0.0.1-SNAPSHOT @ F:\Work\Autofix_Project\Autofix\Autofix-API\pom.xml.
2016-07-20 23:06:20,184 [Worker-27] INFO  o.e.m.j.i.AbstractJavaProjectConfigurator - Adding source folder /Autofix-API/src/main/java
2016-07-20 23:06:20,184 [Worker-27] INFO  o.e.m.j.i.AbstractJavaProjectConfigurator - Adding resource folder /Autofix-API/src/main/resources
2016-07-20 23:06:20,199 [Worker-27] INFO  o.e.m.j.i.AbstractJavaProjectConfigurator - Adding source folder /Autofix-API/src/test/java
2016-07-20 23:06:21,340 [Worker-27] INFO  o.e.m.c.i.p.ProjectConfigurationManager - Imported and configured 1 project(s) in 2 sec
2016-07-20 23:06:22,043 [Worker-27] INFO  o.e.m.c.i.l.LifecycleMappingFactory - Using org.maven.ide.eclipse.wtp.WarLifecycleMapping lifecycle mapping for MavenProject: com.autofix.dev:Autofix-API:0.0.1-SNAPSHOT @ F:\Work\Autofix_Project\Autofix\Autofix-API\pom.xml.
2016-07-20 23:06:22,480 [Worker-26] INFO  o.e.m.c.i.l.LifecycleMappingFactory - Using org.maven.ide.eclipse.wtp.WarLifecycleMapping lifecycle mapping for MavenProject: com.autofix.dev:Autofix-API:0.0.1-SNAPSHOT @ F:\Work\Autofix_Project\Autofix\Autofix-API\pom.xml.
2016-07-20 23:06:23,637 [Worker-26] INFO  o.e.m.c.i.embedder.EclipseLogger - Using 'UTF-8' encoding to copy filtered resources.
2016-07-20 23:06:23,637 [Worker-26] INFO  o.e.m.c.i.embedder.EclipseLogger - Copying 0 resource
2016-07-20 23:06:23,637 [Worker-26] INFO  o.e.m.c.i.embedder.EclipseLogger - Using 'UTF-8' encoding to copy filtered resources.
2016-07-20 23:06:23,637 [Worker-26] INFO  o.e.m.c.i.embedder.EclipseLogger - skip non existing resourceDirectory F:\Work\Autofix_Project\Autofix\Autofix-API\src\test\resources
2016-07-20 23:06:24,743 [Worker-20] INFO  o.e.m.c.i.l.LifecycleMappingFactory - Using org.maven.ide.eclipse.wtp.WarLifecycleMapping lifecycle mapping for MavenProject: com.autofix.dev:Autofix-API:0.0.1-SNAPSHOT @ F:\Work\Autofix_Project\Autofix\Autofix-API\pom.xml.
2016-07-20 23:06:26,414 [Worker-26] INFO  o.e.m.c.i.embedder.EclipseLogger - Using 'UTF-8' encoding to copy filtered resources.
2016-07-20 23:06:26,414 [Worker-26] INFO  o.e.m.c.i.embedder.EclipseLogger - Copying 0 resource
2016-07-20 23:06:26,414 [Worker-26] INFO  o.e.m.c.i.embedder.EclipseLogger - Using 'UTF-8' encoding to copy filtered resources.
2016-07-20 23:06:26,414 [Worker-26] INFO  o.e.m.c.i.embedder.EclipseLogger - skip non existing resourceDirectory F:\Work\Autofix_Project\Autofix\Autofix-API\src\test\resources
2016-07-20 23:13:00,239 [Worker-27] INFO  o.e.m.c.i.l.LifecycleMappingFactory - Using org.maven.ide.eclipse.wtp.WarLifecycleMapping lifecycle mapping for MavenProject: com.autofix.dev:Autofix-API:0.0.1-SNAPSHOT @ F:\Work\Autofix_Project\Autofix\Autofix-API\pom.xml.
2016-07-20 23:13:01,302 [Worker-27] INFO  o.e.m.c.i.embedder.EclipseLogger - Using 'UTF-8' encoding to copy filtered resources.
2016-07-20 23:13:01,302 [Worker-27] INFO  o.e.m.c.i.embedder.EclipseLogger - Copying 0 resource
2016-07-20 23:13:01,302 [Worker-27] INFO  o.e.m.c.i.embedder.EclipseLogger - Using 'UTF-8' encoding to copy filtered resources.
2016-07-20 23:13:01,302 [Worker-27] INFO  o.e.m.c.i.embedder.EclipseLogger - skip non existing resourceDirectory F:\Work\Autofix_Project\Autofix\Autofix-API\src\test\resources
2016-07-20 23:13:01,302 [Worker-27] INFO  o.e.m.w.i.f.ResourceFilteringBuildParticipant - Changed resources require a complete clean of filtered resources of Autofix-API
2016-07-20 23:13:01,302 [Worker-27] INFO  o.e.m.w.i.f.ResourceFilteringBuildParticipant - Executing resource filtering for Autofix-API
2016-07-20 23:13:01,317 [Worker-27] INFO  o.e.m.c.i.embedder.EclipseLogger - Using 'UTF-8' encoding to copy filtered resources.
2016-07-20 23:13:29,497 [Worker-29] INFO  o.e.m.c.i.p.ProjectConfigurationManager - Update started
2016-07-20 23:13:29,638 [Worker-29] INFO  o.e.m.c.i.l.LifecycleMappingFactory - Using org.maven.ide.eclipse.wtp.WarLifecycleMapping lifecycle mapping for MavenProject: com.autofix.dev:Autofix-API:0.0.1-SNAPSHOT @ F:\Work\Autofix_Project\Autofix\Autofix-API\pom.xml.
2016-07-20 23:13:30,490 [Worker-29] INFO  o.e.m.j.i.AbstractJavaProjectConfigurator - Adding source folder /Autofix-API/src/main/java
2016-07-20 23:13:30,490 [Worker-29] INFO  o.e.m.j.i.AbstractJavaProjectConfigurator - Adding resource folder /Autofix-API/src/main/resources
2016-07-20 23:13:30,490 [Worker-29] INFO  o.e.m.j.i.AbstractJavaProjectConfigurator - Adding source folder /Autofix-API/src/test/java
2016-07-20 23:13:31,522 [Worker-29] INFO  o.e.m.c.i.l.LifecycleMappingFactory - Using org.maven.ide.eclipse.wtp.WarLifecycleMapping lifecycle mapping for MavenProject: com.autofix.dev:Autofix-API:0.0.1-SNAPSHOT @ F:\Work\Autofix_Project\Autofix\Autofix-API\pom.xml.
2016-07-20 23:13:32,084 [Worker-29] INFO  o.e.m.w.i.f.ResourceFilteringBuildParticipant - Cleaning filtered folder for Autofix-API
2016-07-20 23:13:32,100 [Worker-29] INFO  o.e.m.c.i.p.ProjectConfigurationManager - Update completed: 2 sec
2016-07-20 23:13:32,772 [Worker-21] INFO  o.e.m.c.i.embedder.EclipseLogger - Using 'UTF-8' encoding to copy filtered resources.
2016-07-20 23:13:32,772 [Worker-21] INFO  o.e.m.c.i.embedder.EclipseLogger - Copying 0 resource
2016-07-20 23:13:32,772 [Worker-21] INFO  o.e.m.c.i.embedder.EclipseLogger - Using 'UTF-8' encoding to copy filtered resources.
2016-07-20 23:13:32,772 [Worker-21] INFO  o.e.m.c.i.embedder.EclipseLogger - skip non existing resourceDirectory F:\Work\Autofix_Project\Autofix\Autofix-API\src\test\resources
2016-07-20 23:18:16,633 [Worker-32] INFO  o.e.m.c.i.p.ProjectConfigurationManager - Update started
2016-07-20 23:18:16,801 [Worker-32] INFO  o.e.m.c.i.l.LifecycleMappingFactory - Using org.maven.ide.eclipse.wtp.WarLifecycleMapping lifecycle mapping for MavenProject: com.autofix.dev:Autofix-API:0.0.1-SNAPSHOT @ F:\Work\Autofix_Project\Autofix\Autofix-API\pom.xml.
2016-07-20 23:18:17,661 [Worker-32] INFO  o.e.m.j.i.AbstractJavaProjectConfigurator - Adding source folder /Autofix-API/src/main/java
2016-07-20 23:18:17,661 [Worker-32] INFO  o.e.m.j.i.AbstractJavaProjectConfigurator - Adding resource folder /Autofix-API/src/main/resources
2016-07-20 23:18:17,661 [Worker-32] INFO  o.e.m.j.i.AbstractJavaProjectConfigurator - Adding source folder /Autofix-API/src/test/java
2016-07-20 23:18:18,365 [Worker-32] INFO  o.e.m.c.i.l.LifecycleMappingFactory - Using org.maven.ide.eclipse.wtp.WarLifecycleMapping lifecycle mapping for MavenProject: com.autofix.dev:Autofix-API:0.0.1-SNAPSHOT @ F:\Work\Autofix_Project\Autofix\Autofix-API\pom.xml.
2016-07-20 23:18:18,880 [Worker-32] INFO  o.e.m.w.i.f.ResourceFilteringBuildParticipant - Cleaning filtered folder for Autofix-API
2016-07-20 23:18:18,896 [Worker-32] INFO  o.e.m.c.i.p.ProjectConfigurationManager - Update completed: 2 sec
2016-07-20 23:18:19,630 [Worker-32] INFO  o.e.m.c.i.embedder.EclipseLogger - Using 'UTF-8' encoding to copy filtered resources.
2016-07-20 23:18:19,646 [Worker-32] INFO  o.e.m.c.i.embedder.EclipseLogger - Copying 0 resource
2016-07-20 23:18:19,646 [Worker-32] INFO  o.e.m.c.i.embedder.EclipseLogger - Using 'UTF-8' encoding to copy filtered resources.
2016-07-20 23:18:19,646 [Worker-32] INFO  o.e.m.c.i.embedder.EclipseLogger - skip non existing resourceDirectory F:\Work\Autofix_Project\Autofix\Autofix-API\src\test\resources
2016-07-20 23:18:47,208 [Worker-32] INFO  o.e.m.w.i.f.ResourceFilteringBuildParticipant - Cleaning filtered folder for Autofix-API
2016-07-20 23:18:47,395 [Worker-25] INFO  o.e.m.c.i.embedder.EclipseLogger - Using 'UTF-8' encoding to copy filtered resources.
2016-07-20 23:18:47,395 [Worker-25] INFO  o.e.m.c.i.embedder.EclipseLogger - Copying 0 resource
2016-07-20 23:18:47,395 [Worker-25] INFO  o.e.m.c.i.embedder.EclipseLogger - Using 'UTF-8' encoding to copy filtered resources.
2016-07-20 23:18:47,395 [Worker-25] INFO  o.e.m.c.i.embedder.EclipseLogger - skip non existing resourceDirectory F:\Work\Autofix_Project\Autofix\Autofix-API\src\test\resources
2016-07-21 08:59:38,298 [Worker-8] INFO  o.e.m.c.i.embedder.EclipseLogger - Using 'UTF-8' encoding to copy filtered resources.
2016-07-21 08:59:38,361 [Worker-8] INFO  o.e.m.c.i.embedder.EclipseLogger - Copying 0 resource
2016-07-21 08:59:38,361 [Worker-8] INFO  o.e.m.c.i.embedder.EclipseLogger - Using 'UTF-8' encoding to copy filtered resources.
2016-07-21 08:59:38,361 [Worker-8] INFO  o.e.m.c.i.embedder.EclipseLogger - skip non existing resourceDirectory F:\Work\Autofix_Project\Autofix\Autofix-API\src\test\resources
2016-07-21 09:01:59,068 [Worker-2] INFO  o.e.m.c.i.l.LifecycleMappingFactory - Using org.maven.ide.eclipse.wtp.WarLifecycleMapping lifecycle mapping for MavenProject: com.autofix.dev:Autofix-API:0.0.1-SNAPSHOT @ F:\Work\Autofix_Project\Autofix\Autofix-API\pom.xml.
2016-07-21 09:02:03,766 [Worker-2] INFO  o.e.m.c.i.embedder.EclipseLogger - Using 'UTF-8' encoding to copy filtered resources.
2016-07-21 09:02:03,773 [Worker-2] INFO  o.e.m.c.i.embedder.EclipseLogger - Copying 0 resource
2016-07-21 09:02:03,778 [Worker-2] INFO  o.e.m.c.i.embedder.EclipseLogger - Using 'UTF-8' encoding to copy filtered resources.
2016-07-21 09:02:03,778 [Worker-2] INFO  o.e.m.c.i.embedder.EclipseLogger - skip non existing resourceDirectory F:\Work\Autofix_Project\Autofix\Autofix-API\src\test\resources
2016-07-21 09:02:03,779 [Worker-2] INFO  o.e.m.w.i.f.ResourceFilteringBuildParticipant - Changed resources require a complete clean of filtered resources of Autofix-API
2016-07-21 09:02:03,781 [Worker-2] INFO  o.e.m.w.i.f.ResourceFilteringBuildParticipant - Executing resource filtering for Autofix-API
2016-07-21 09:02:03,798 [Worker-2] INFO  o.e.m.c.i.embedder.EclipseLogger - Using 'UTF-8' encoding to copy filtered resources.
2016-07-21 09:02:07,368 [Worker-3] INFO  o.e.m.c.i.p.ProjectConfigurationManager - Update started
2016-07-21 09:02:07,586 [Worker-3] INFO  o.e.m.c.i.l.LifecycleMappingFactory - Using org.maven.ide.eclipse.wtp.WarLifecycleMapping lifecycle mapping for MavenProject: com.autofix.dev:Autofix-API:0.0.1-SNAPSHOT @ F:\Work\Autofix_Project\Autofix\Autofix-API\pom.xml.
2016-07-21 09:02:09,293 [Worker-3] INFO  o.e.m.j.i.AbstractJavaProjectConfigurator - Adding source folder /Autofix-API/src/main/java
2016-07-21 09:02:09,294 [Worker-3] INFO  o.e.m.j.i.AbstractJavaProjectConfigurator - Adding resource folder /Autofix-API/src/main/resources
2016-07-21 09:02:09,297 [Worker-3] INFO  o.e.m.j.i.AbstractJavaProjectConfigurator - Adding source folder /Autofix-API/src/test/java
2016-07-21 09:02:10,785 [Worker-3] INFO  o.e.m.c.i.l.LifecycleMappingFactory - Using org.maven.ide.eclipse.wtp.WarLifecycleMapping lifecycle mapping for MavenProject: com.autofix.dev:Autofix-API:0.0.1-SNAPSHOT @ F:\Work\Autofix_Project\Autofix\Autofix-API\pom.xml.
2016-07-21 09:02:11,552 [Worker-3] INFO  o.e.m.w.i.f.ResourceFilteringBuildParticipant - Cleaning filtered folder for Autofix-API
2016-07-21 09:02:11,563 [Worker-3] INFO  o.e.m.c.i.p.ProjectConfigurationManager - Update completed: 4 sec
2016-07-21 09:02:12,493 [Worker-3] INFO  o.e.m.c.i.embedder.EclipseLogger - Using 'UTF-8' encoding to copy filtered resources.
2016-07-21 09:02:12,494 [Worker-3] INFO  o.e.m.c.i.embedder.EclipseLogger - Copying 0 resource
2016-07-21 09:02:12,496 [Worker-3] INFO  o.e.m.c.i.embedder.EclipseLogger - Using 'UTF-8' encoding to copy filtered resources.
2016-07-21 09:02:12,497 [Worker-3] INFO  o.e.m.c.i.embedder.EclipseLogger - skip non existing resourceDirectory F:\Work\Autofix_Project\Autofix\Autofix-API\src\test\resources
2016-07-21 09:02:43,670 [Worker-9] INFO  o.e.m.w.i.f.ResourceFilteringBuildParticipant - Cleaning filtered folder for Autofix-API
2016-07-21 09:02:44,060 [Worker-5] INFO  o.e.m.c.i.embedder.EclipseLogger - Using 'UTF-8' encoding to copy filtered resources.
2016-07-21 09:02:44,060 [Worker-5] INFO  o.e.m.c.i.embedder.EclipseLogger - Copying 0 resource
2016-07-21 09:02:44,060 [Worker-5] INFO  o.e.m.c.i.embedder.EclipseLogger - Using 'UTF-8' encoding to copy filtered resources.
2016-07-21 09:02:44,060 [Worker-5] INFO  o.e.m.c.i.embedder.EclipseLogger - skip non existing resourceDirectory F:\Work\Autofix_Project\Autofix\Autofix-API\src\test\resources
2016-07-21 09:03:11,165 [Worker-0] INFO  o.e.m.c.i.p.ProjectConfigurationManager - Update started
2016-07-21 09:03:11,337 [Worker-0] INFO  o.e.m.c.i.l.LifecycleMappingFactory - Using org.maven.ide.eclipse.wtp.WarLifecycleMapping lifecycle mapping for MavenProject: com.autofix.dev:Autofix-API:0.0.1-SNAPSHOT @ F:\Work\Autofix_Project\Autofix\Autofix-API\pom.xml.
2016-07-21 09:03:14,165 [Worker-0] INFO  o.e.m.c.i.e.AbstractTransferListenerAdapter - Downloading http://repo.maven.apache.org/maven2/org/glassfish/jersey/media/jersey-media-moxy/2.16/jersey-media-moxy-2.16.pom
2016-07-21 09:03:14,821 [Worker-0] INFO  o.e.m.c.i.e.AbstractTransferListenerAdapter - Downloaded http://repo.maven.apache.org/maven2/org/glassfish/jersey/media/jersey-media-moxy/2.16/jersey-media-moxy-2.16.pom
2016-07-21 09:03:16,134 [Worker-0] INFO  o.e.m.c.i.e.AbstractTransferListenerAdapter - Downloading http://repo.maven.apache.org/maven2/org/glassfish/jersey/media/jersey-media-moxy/2.16/jersey-media-moxy-2.16.jar
2016-07-21 09:03:16,743 [Worker-0] INFO  o.e.m.c.i.e.AbstractTransferListenerAdapter - Downloaded http://repo.maven.apache.org/maven2/org/glassfish/jersey/media/jersey-media-moxy/2.16/jersey-media-moxy-2.16.jar
2016-07-21 09:03:18,071 [Worker-0] INFO  o.e.m.j.i.AbstractJavaProjectConfigurator - Adding source folder /Autofix-API/src/main/java
2016-07-21 09:03:18,071 [Worker-0] INFO  o.e.m.j.i.AbstractJavaProjectConfigurator - Adding resource folder /Autofix-API/src/main/resources
2016-07-21 09:03:18,071 [Worker-0] INFO  o.e.m.j.i.AbstractJavaProjectConfigurator - Adding source folder /Autofix-API/src/test/java
2016-07-21 09:03:19,393 [Worker-0] INFO  o.e.m.c.i.l.LifecycleMappingFactory - Using org.maven.ide.eclipse.wtp.WarLifecycleMapping lifecycle mapping for MavenProject: com.autofix.dev:Autofix-API:0.0.1-SNAPSHOT @ F:\Work\Autofix_Project\Autofix\Autofix-API\pom.xml.
2016-07-21 09:03:20,391 [Worker-0] INFO  o.e.m.w.i.f.ResourceFilteringBuildParticipant - Cleaning filtered folder for Autofix-API
2016-07-21 09:03:20,420 [Worker-0] INFO  o.e.m.c.i.p.ProjectConfigurationManager - Update completed: 9 sec
2016-07-21 09:03:21,376 [Worker-2] INFO  o.e.m.c.i.embedder.EclipseLogger - Using 'UTF-8' encoding to copy filtered resources.
2016-07-21 09:03:21,378 [Worker-2] INFO  o.e.m.c.i.embedder.EclipseLogger - Copying 0 resource
2016-07-21 09:03:21,380 [Worker-2] INFO  o.e.m.c.i.embedder.EclipseLogger - Using 'UTF-8' encoding to copy filtered resources.
2016-07-21 09:03:21,381 [Worker-2] INFO  o.e.m.c.i.embedder.EclipseLogger - skip non existing resourceDirectory F:\Work\Autofix_Project\Autofix\Autofix-API\src\test\resources
2016-07-21 09:06:49,915 [Worker-6] INFO  o.e.m.c.i.embedder.EclipseLogger - Using 'UTF-8' encoding to copy filtered resources.
2016-07-21 09:06:49,983 [Worker-6] INFO  o.e.m.c.i.embedder.EclipseLogger - Copying 0 resource
2016-07-21 09:06:49,987 [Worker-6] INFO  o.e.m.c.i.embedder.EclipseLogger - Using 'UTF-8' encoding to copy filtered resources.
2016-07-21 09:06:49,988 [Worker-6] INFO  o.e.m.c.i.embedder.EclipseLogger - skip non existing resourceDirectory F:\Work\Autofix_Project\Autofix\Autofix-API\src\test\resources
2016-07-21 09:14:01,076 [Worker-2] INFO  o.e.m.c.i.p.ProjectConfigurationManager - Collecting project info '/pom.xml' F:\Work\Autofix_Project\Autofix\autofix_api\pom.xml
2016-07-21 09:14:02,636 [Worker-2] INFO  o.e.m.c.i.l.LifecycleMappingFactory - Using org.maven.ide.eclipse.wtp.WarLifecycleMapping lifecycle mapping for MavenProject: com.autofix.dev:autofix_api:0.0.1-SNAPSHOT @ F:\Work\Autofix_Project\Autofix\autofix_api\pom.xml.
2016-07-21 09:14:04,934 [Worker-2] INFO  o.e.m.j.i.AbstractJavaProjectConfigurator - Adding source folder /autofix_api/src/main/java
2016-07-21 09:14:04,935 [Worker-2] INFO  o.e.m.j.i.AbstractJavaProjectConfigurator - Adding resource folder /autofix_api/src/main/resources
2016-07-21 09:14:04,941 [Worker-2] INFO  o.e.m.j.i.AbstractJavaProjectConfigurator - Adding source folder /autofix_api/src/test/java
2016-07-21 09:14:06,030 [Worker-4] INFO  o.e.m.c.i.l.LifecycleMappingFactory - Using org.maven.ide.eclipse.wtp.WarLifecycleMapping lifecycle mapping for MavenProject: com.autofix.dev:autofix_api:0.0.1-SNAPSHOT @ F:\Work\Autofix_Project\Autofix\autofix_api\pom.xml.
2016-07-21 09:14:07,946 [Worker-2] INFO  o.e.m.c.i.p.ProjectConfigurationManager - Imported and configured 1 project(s) in 6 sec
2016-07-21 09:14:10,324 [Worker-4] INFO  o.e.m.c.i.l.LifecycleMappingFactory - Using org.maven.ide.eclipse.wtp.WarLifecycleMapping lifecycle mapping for MavenProject: com.autofix.dev:autofix_api:0.0.1-SNAPSHOT @ F:\Work\Autofix_Project\Autofix\autofix_api\pom.xml.
2016-07-21 09:14:11,292 [Worker-4] INFO  o.e.m.c.i.embedder.EclipseLogger - Using 'UTF-8' encoding to copy filtered resources.
2016-07-21 09:14:11,293 [Worker-4] INFO  o.e.m.c.i.embedder.EclipseLogger - Copying 0 resource
2016-07-21 09:14:11,295 [Worker-4] INFO  o.e.m.c.i.embedder.EclipseLogger - Using 'UTF-8' encoding to copy filtered resources.
2016-07-21 09:14:11,295 [Worker-4] INFO  o.e.m.c.i.embedder.EclipseLogger - skip non existing resourceDirectory F:\Work\Autofix_Project\Autofix\autofix_api\src\test\resources
2016-07-21 09:14:42,859 [Worker-3] INFO  o.e.m.c.i.l.LifecycleMappingFactory - Using org.maven.ide.eclipse.wtp.WarLifecycleMapping lifecycle mapping for MavenProject: com.autofix.dev:autofix_api:0.0.1-SNAPSHOT @ F:\Work\Autofix_Project\Autofix\autofix_api\pom.xml.
2016-07-21 09:14:44,653 [Worker-3] INFO  o.e.m.c.i.embedder.EclipseLogger - Using 'UTF-8' encoding to copy filtered resources.
2016-07-21 09:14:44,663 [Worker-3] INFO  o.e.m.c.i.embedder.EclipseLogger - Copying 0 resource
2016-07-21 09:14:44,666 [Worker-3] INFO  o.e.m.c.i.embedder.EclipseLogger - Using 'UTF-8' encoding to copy filtered resources.
2016-07-21 09:14:44,667 [Worker-3] INFO  o.e.m.c.i.embedder.EclipseLogger - skip non existing resourceDirectory F:\Work\Autofix_Project\Autofix\autofix_api\src\test\resources
2016-07-21 09:14:44,668 [Worker-3] INFO  o.e.m.w.i.f.ResourceFilteringBuildParticipant - Changed resources require a complete clean of filtered resources of autofix_api
2016-07-21 09:14:44,671 [Worker-3] INFO  o.e.m.w.i.f.ResourceFilteringBuildParticipant - Executing resource filtering for autofix_api
2016-07-21 09:14:44,696 [Worker-3] INFO  o.e.m.c.i.embedder.EclipseLogger - Using 'UTF-8' encoding to copy filtered resources.
2016-07-21 09:14:46,728 [Worker-8] INFO  o.e.m.c.i.embedder.EclipseLogger - Using 'UTF-8' encoding to copy filtered resources.
2016-07-21 09:14:46,735 [Worker-8] INFO  o.e.m.c.i.embedder.EclipseLogger - Copying 0 resource
2016-07-21 09:14:46,740 [Worker-8] INFO  o.e.m.c.i.embedder.EclipseLogger - Using 'UTF-8' encoding to copy filtered resources.
2016-07-21 09:14:46,741 [Worker-8] INFO  o.e.m.c.i.embedder.EclipseLogger - skip non existing resourceDirectory F:\Work\Autofix_Project\Autofix\autofix_api\src\test\resources
2016-07-21 09:15:14,740 [Worker-3] INFO  o.e.m.c.i.p.ProjectConfigurationManager - Update started
2016-07-21 09:15:14,959 [Worker-3] INFO  o.e.m.c.i.l.LifecycleMappingFactory - Using org.maven.ide.eclipse.wtp.WarLifecycleMapping lifecycle mapping for MavenProject: com.autofix.dev:autofix_api:0.0.1-SNAPSHOT @ F:\Work\Autofix_Project\Autofix\autofix_api\pom.xml.
2016-07-21 09:15:16,568 [Worker-3] INFO  o.e.m.j.i.AbstractJavaProjectConfigurator - Adding source folder /autofix_api/src/main/java
2016-07-21 09:15:16,568 [Worker-3] INFO  o.e.m.j.i.AbstractJavaProjectConfigurator - Adding resource folder /autofix_api/src/main/resources
2016-07-21 09:15:16,568 [Worker-3] INFO  o.e.m.j.i.AbstractJavaProjectConfigurator - Adding source folder /autofix_api/src/test/java
2016-07-21 09:15:17,678 [Worker-3] INFO  o.e.m.c.i.l.LifecycleMappingFactory - Using org.maven.ide.eclipse.wtp.WarLifecycleMapping lifecycle mapping for MavenProject: com.autofix.dev:autofix_api:0.0.1-SNAPSHOT @ F:\Work\Autofix_Project\Autofix\autofix_api\pom.xml.
2016-07-21 09:15:18,721 [Worker-3] INFO  o.e.m.w.i.f.ResourceFilteringBuildParticipant - Cleaning filtered folder for autofix_api
2016-07-21 09:15:18,731 [Worker-3] INFO  o.e.m.c.i.p.ProjectConfigurationManager - Update completed: 3 sec
2016-07-21 09:15:19,507 [Worker-5] INFO  o.e.m.c.i.embedder.EclipseLogger - Using 'UTF-8' encoding to copy filtered resources.
2016-07-21 09:15:19,508 [Worker-5] INFO  o.e.m.c.i.embedder.EclipseLogger - Copying 0 resource
2016-07-21 09:15:19,510 [Worker-5] INFO  o.e.m.c.i.embedder.EclipseLogger - Using 'UTF-8' encoding to copy filtered resources.
2016-07-21 09:15:19,510 [Worker-5] INFO  o.e.m.c.i.embedder.EclipseLogger - skip non existing resourceDirectory F:\Work\Autofix_Project\Autofix\autofix_api\src\test\resources
2016-07-21 09:15:31,238 [Worker-6] INFO  o.e.m.w.i.f.ResourceFilteringBuildParticipant - Cleaning filtered folder for autofix_api
2016-07-21 09:15:31,473 [Worker-3] INFO  o.e.m.c.i.embedder.EclipseLogger - Using 'UTF-8' encoding to copy filtered resources.
2016-07-21 09:15:31,473 [Worker-3] INFO  o.e.m.c.i.embedder.EclipseLogger - Copying 0 resource
2016-07-21 09:15:31,473 [Worker-3] INFO  o.e.m.c.i.embedder.EclipseLogger - Using 'UTF-8' encoding to copy filtered resources.
2016-07-21 09:15:31,473 [Worker-3] INFO  o.e.m.c.i.embedder.EclipseLogger - skip non existing resourceDirectory F:\Work\Autofix_Project\Autofix\autofix_api\src\test\resources
2016-07-21 09:18:25,710 [Worker-3] INFO  o.e.m.c.i.embedder.EclipseLogger - Using 'UTF-8' encoding to copy filtered resources.
2016-07-21 09:18:25,710 [Worker-3] INFO  o.e.m.c.i.embedder.EclipseLogger - Copying 0 resource
2016-07-21 09:18:25,710 [Worker-3] INFO  o.e.m.c.i.embedder.EclipseLogger - Using 'UTF-8' encoding to copy filtered resources.
2016-07-21 09:18:25,710 [Worker-3] INFO  o.e.m.c.i.embedder.EclipseLogger - skip non existing resourceDirectory F:\Work\Autofix_Project\Autofix\autofix_api\src\test\resources
2016-07-21 09:19:48,590 [Worker-8] INFO  o.e.m.c.i.embedder.EclipseLogger - Using 'UTF-8' encoding to copy filtered resources.
2016-07-21 09:19:48,590 [Worker-8] INFO  o.e.m.c.i.embedder.EclipseLogger - Copying 0 resource
2016-07-21 09:19:48,590 [Worker-8] INFO  o.e.m.c.i.embedder.EclipseLogger - Using 'UTF-8' encoding to copy filtered resources.
2016-07-21 09:19:48,590 [Worker-8] INFO  o.e.m.c.i.embedder.EclipseLogger - skip non existing resourceDirectory F:\Work\Autofix_Project\Autofix\autofix_api\src\test\resources
2016-07-21 09:20:55,791 [Worker-6] INFO  o.e.m.c.i.embedder.EclipseLogger - Using 'UTF-8' encoding to copy filtered resources.
2016-07-21 09:20:55,791 [Worker-6] INFO  o.e.m.c.i.embedder.EclipseLogger - Copying 0 resource
2016-07-21 09:20:55,791 [Worker-6] INFO  o.e.m.c.i.embedder.EclipseLogger - Using 'UTF-8' encoding to copy filtered resources.
2016-07-21 09:20:55,791 [Worker-6] INFO  o.e.m.c.i.embedder.EclipseLogger - skip non existing resourceDirectory F:\Work\Autofix_Project\Autofix\autofix_api\src\test\resources
2016-07-21 09:22:16,208 [Worker-1] INFO  o.e.m.c.i.embedder.EclipseLogger - Using 'UTF-8' encoding to copy filtered resources.
2016-07-21 09:22:16,208 [Worker-1] INFO  o.e.m.c.i.embedder.EclipseLogger - Copying 0 resource
2016-07-21 09:22:16,208 [Worker-1] INFO  o.e.m.c.i.embedder.EclipseLogger - Using 'UTF-8' encoding to copy filtered resources.
2016-07-21 09:22:16,224 [Worker-1] INFO  o.e.m.c.i.embedder.EclipseLogger - skip non existing resourceDirectory F:\Work\Autofix_Project\Autofix\autofix_api\src\test\resources
2016-07-21 09:22:37,761 [Worker-7] INFO  o.e.m.c.i.embedder.EclipseLogger - Using 'UTF-8' encoding to copy filtered resources.
2016-07-21 09:22:37,761 [Worker-7] INFO  o.e.m.c.i.embedder.EclipseLogger - Copying 0 resource
2016-07-21 09:22:37,761 [Worker-7] INFO  o.e.m.c.i.embedder.EclipseLogger - Using 'UTF-8' encoding to copy filtered resources.
2016-07-21 09:22:37,776 [Worker-7] INFO  o.e.m.c.i.embedder.EclipseLogger - skip non existing resourceDirectory F:\Work\Autofix_Project\Autofix\autofix_api\src\test\resources
2016-07-21 09:30:31,015 [Worker-2] INFO  o.e.m.c.i.embedder.EclipseLogger - Using 'UTF-8' encoding to copy filtered resources.
2016-07-21 09:30:31,015 [Worker-2] INFO  o.e.m.c.i.embedder.EclipseLogger - Copying 0 resource
2016-07-21 09:30:31,015 [Worker-2] INFO  o.e.m.c.i.embedder.EclipseLogger - Using 'UTF-8' encoding to copy filtered resources.
2016-07-21 09:30:31,015 [Worker-2] INFO  o.e.m.c.i.embedder.EclipseLogger - skip non existing resourceDirectory F:\Work\Autofix_Project\Autofix\autofix_api\src\test\resources
2016-07-21 09:32:27,683 [Worker-4] INFO  o.e.m.c.i.embedder.EclipseLogger - Using 'UTF-8' encoding to copy filtered resources.
2016-07-21 09:32:27,699 [Worker-4] INFO  o.e.m.c.i.embedder.EclipseLogger - Copying 0 resource
2016-07-21 09:32:27,699 [Worker-4] INFO  o.e.m.c.i.embedder.EclipseLogger - Using 'UTF-8' encoding to copy filtered resources.
2016-07-21 09:32:27,699 [Worker-4] INFO  o.e.m.c.i.embedder.EclipseLogger - skip non existing resourceDirectory F:\Work\Autofix_Project\Autofix\autofix_api\src\test\resources
2016-07-21 09:35:24,059 [Worker-8] INFO  o.e.m.c.i.embedder.EclipseLogger - Using 'UTF-8' encoding to copy filtered resources.
2016-07-21 09:35:24,059 [Worker-8] INFO  o.e.m.c.i.embedder.EclipseLogger - Copying 0 resource
2016-07-21 09:35:24,059 [Worker-8] INFO  o.e.m.c.i.embedder.EclipseLogger - Using 'UTF-8' encoding to copy filtered resources.
2016-07-21 09:35:24,059 [Worker-8] INFO  o.e.m.c.i.embedder.EclipseLogger - skip non existing resourceDirectory F:\Work\Autofix_Project\Autofix\autofix_api\src\test\resources
2016-07-21 09:38:55,879 [Worker-8] INFO  o.e.m.c.i.embedder.EclipseLogger - Using 'UTF-8' encoding to copy filtered resources.
2016-07-21 09:38:55,879 [Worker-8] INFO  o.e.m.c.i.embedder.EclipseLogger - Copying 0 resource
2016-07-21 09:38:55,879 [Worker-8] INFO  o.e.m.c.i.embedder.EclipseLogger - Using 'UTF-8' encoding to copy filtered resources.
2016-07-21 09:38:55,879 [Worker-8] INFO  o.e.m.c.i.embedder.EclipseLogger - skip non existing resourceDirectory F:\Work\Autofix_Project\Autofix\autofix_api\src\test\resources
2016-07-21 09:39:22,962 [Worker-1] INFO  o.e.m.c.i.embedder.EclipseLogger - Using 'UTF-8' encoding to copy filtered resources.
2016-07-21 09:39:22,962 [Worker-1] INFO  o.e.m.c.i.embedder.EclipseLogger - Copying 0 resource
2016-07-21 09:39:22,978 [Worker-1] INFO  o.e.m.c.i.embedder.EclipseLogger - Using 'UTF-8' encoding to copy filtered resources.
2016-07-21 09:39:22,978 [Worker-1] INFO  o.e.m.c.i.embedder.EclipseLogger - skip non existing resourceDirectory F:\Work\Autofix_Project\Autofix\autofix_api\src\test\resources
2016-07-21 09:39:35,672 [Worker-8] INFO  o.e.m.c.i.embedder.EclipseLogger - Using 'UTF-8' encoding to copy filtered resources.
2016-07-21 09:39:35,688 [Worker-8] INFO  o.e.m.c.i.embedder.EclipseLogger - Copying 0 resource
2016-07-21 09:39:35,688 [Worker-8] INFO  o.e.m.c.i.embedder.EclipseLogger - Using 'UTF-8' encoding to copy filtered resources.
2016-07-21 09:39:35,688 [Worker-8] INFO  o.e.m.c.i.embedder.EclipseLogger - skip non existing resourceDirectory F:\Work\Autofix_Project\Autofix\autofix_api\src\test\resources
2016-07-21 10:03:44,198 [Worker-7] INFO  o.e.m.c.i.embedder.EclipseLogger - Using 'UTF-8' encoding to copy filtered resources.
2016-07-21 10:03:44,214 [Worker-7] INFO  o.e.m.c.i.embedder.EclipseLogger - Copying 0 resource
2016-07-21 10:03:44,214 [Worker-7] INFO  o.e.m.c.i.embedder.EclipseLogger - Using 'UTF-8' encoding to copy filtered resources.
2016-07-21 10:03:44,214 [Worker-7] INFO  o.e.m.c.i.embedder.EclipseLogger - skip non existing resourceDirectory F:\Work\Autofix_Project\Autofix\autofix_api\src\test\resources
2016-07-21 10:03:59,870 [Worker-7] INFO  o.e.m.c.i.embedder.EclipseLogger - Using 'UTF-8' encoding to copy filtered resources.
2016-07-21 10:03:59,870 [Worker-7] INFO  o.e.m.c.i.embedder.EclipseLogger - Copying 0 resource
2016-07-21 10:03:59,870 [Worker-7] INFO  o.e.m.c.i.embedder.EclipseLogger - Using 'UTF-8' encoding to copy filtered resources.
2016-07-21 10:03:59,870 [Worker-7] INFO  o.e.m.c.i.embedder.EclipseLogger - skip non existing resourceDirectory F:\Work\Autofix_Project\Autofix\autofix_api\src\test\resources
2016-07-21 10:40:56,197 [Worker-12] INFO  o.e.m.c.i.embedder.EclipseLogger - Using 'UTF-8' encoding to copy filtered resources.
2016-07-21 10:40:56,197 [Worker-12] INFO  o.e.m.c.i.embedder.EclipseLogger - Copying 0 resource
2016-07-21 10:40:56,197 [Worker-12] INFO  o.e.m.c.i.embedder.EclipseLogger - Using 'UTF-8' encoding to copy filtered resources.
2016-07-21 10:40:56,197 [Worker-12] INFO  o.e.m.c.i.embedder.EclipseLogger - skip non existing resourceDirectory F:\Work\Autofix_Project\Autofix\autofix_api\src\test\resources
2016-07-21 20:44:16,466 [Worker-37] INFO  o.e.m.c.i.embedder.EclipseLogger - Using 'UTF-8' encoding to copy filtered resources.
2016-07-21 20:44:16,466 [Worker-37] INFO  o.e.m.c.i.embedder.EclipseLogger - Copying 0 resource
2016-07-21 20:44:16,482 [Worker-37] INFO  o.e.m.c.i.embedder.EclipseLogger - Using 'UTF-8' encoding to copy filtered resources.
2016-07-21 20:44:16,482 [Worker-37] INFO  o.e.m.c.i.embedder.EclipseLogger - skip non existing resourceDirectory F:\Work\Autofix_Project\Autofix\autofix_api\src\test\resources
2016-07-21 20:45:55,193 [Worker-40] INFO  o.e.m.c.i.embedder.EclipseLogger - Using 'UTF-8' encoding to copy filtered resources.
2016-07-21 20:45:55,193 [Worker-40] INFO  o.e.m.c.i.embedder.EclipseLogger - Copying 0 resource
2016-07-21 20:45:55,193 [Worker-40] INFO  o.e.m.c.i.embedder.EclipseLogger - Using 'UTF-8' encoding to copy filtered resources.
2016-07-21 20:45:55,193 [Worker-40] INFO  o.e.m.c.i.embedder.EclipseLogger - skip non existing resourceDirectory F:\Work\Autofix_Project\Autofix\autofix_api\src\test\resources
2016-07-21 20:46:44,968 [Worker-40] INFO  o.e.m.c.i.embedder.EclipseLogger - Using 'UTF-8' encoding to copy filtered resources.
2016-07-21 20:46:44,968 [Worker-40] INFO  o.e.m.c.i.embedder.EclipseLogger - Copying 0 resource
2016-07-21 20:46:44,968 [Worker-40] INFO  o.e.m.c.i.embedder.EclipseLogger - Using 'UTF-8' encoding to copy filtered resources.
2016-07-21 20:46:44,968 [Worker-40] INFO  o.e.m.c.i.embedder.EclipseLogger - skip non existing resourceDirectory F:\Work\Autofix_Project\Autofix\autofix_api\src\test\resources
2016-07-21 20:47:04,164 [Worker-38] INFO  o.e.m.c.i.embedder.EclipseLogger - Using 'UTF-8' encoding to copy filtered resources.
2016-07-21 20:47:04,164 [Worker-38] INFO  o.e.m.c.i.embedder.EclipseLogger - Copying 0 resource
2016-07-21 20:47:04,164 [Worker-38] INFO  o.e.m.c.i.embedder.EclipseLogger - Using 'UTF-8' encoding to copy filtered resources.
2016-07-21 20:47:04,164 [Worker-38] INFO  o.e.m.c.i.embedder.EclipseLogger - skip non existing resourceDirectory F:\Work\Autofix_Project\Autofix\autofix_api\src\test\resources
2016-07-21 20:48:00,030 [Worker-45] INFO  o.e.m.c.i.embedder.EclipseLogger - Using 'UTF-8' encoding to copy filtered resources.
2016-07-21 20:48:00,030 [Worker-45] INFO  o.e.m.c.i.embedder.EclipseLogger - Copying 0 resource
2016-07-21 20:48:00,030 [Worker-45] INFO  o.e.m.c.i.embedder.EclipseLogger - Using 'UTF-8' encoding to copy filtered resources.
2016-07-21 20:48:00,030 [Worker-45] INFO  o.e.m.c.i.embedder.EclipseLogger - skip non existing resourceDirectory F:\Work\Autofix_Project\Autofix\autofix_api\src\test\resources
2016-07-21 20:48:10,045 [Worker-44] INFO  o.e.m.c.i.embedder.EclipseLogger - Using 'UTF-8' encoding to copy filtered resources.
2016-07-21 20:48:10,061 [Worker-44] INFO  o.e.m.c.i.embedder.EclipseLogger - Copying 0 resource
2016-07-21 20:48:10,061 [Worker-44] INFO  o.e.m.c.i.embedder.EclipseLogger - Using 'UTF-8' encoding to copy filtered resources.
2016-07-21 20:48:10,061 [Worker-44] INFO  o.e.m.c.i.embedder.EclipseLogger - skip non existing resourceDirectory F:\Work\Autofix_Project\Autofix\autofix_api\src\test\resources
2016-07-21 20:52:28,739 [Worker-38] INFO  o.e.m.c.i.embedder.EclipseLogger - Using 'UTF-8' encoding to copy filtered resources.
2016-07-21 20:52:28,739 [Worker-38] INFO  o.e.m.c.i.embedder.EclipseLogger - Copying 0 resource
2016-07-21 20:52:28,739 [Worker-38] INFO  o.e.m.c.i.embedder.EclipseLogger - Using 'UTF-8' encoding to copy filtered resources.
2016-07-21 20:52:28,754 [Worker-38] INFO  o.e.m.c.i.embedder.EclipseLogger - skip non existing resourceDirectory F:\Work\Autofix_Project\Autofix\autofix_api\src\test\resources
2016-07-21 20:53:00,359 [Worker-45] INFO  o.e.m.c.i.embedder.EclipseLogger - Using 'UTF-8' encoding to copy filtered resources.
2016-07-21 20:53:00,359 [Worker-45] INFO  o.e.m.c.i.embedder.EclipseLogger - Copying 0 resource
2016-07-21 20:53:00,359 [Worker-45] INFO  o.e.m.c.i.embedder.EclipseLogger - Using 'UTF-8' encoding to copy filtered resources.
2016-07-21 20:53:00,359 [Worker-45] INFO  o.e.m.c.i.embedder.EclipseLogger - skip non existing resourceDirectory F:\Work\Autofix_Project\Autofix\autofix_api\src\test\resources
2016-07-21 20:53:16,769 [Worker-45] INFO  o.e.m.c.i.embedder.EclipseLogger - Using 'UTF-8' encoding to copy filtered resources.
2016-07-21 20:53:16,769 [Worker-45] INFO  o.e.m.c.i.embedder.EclipseLogger - Copying 0 resource
2016-07-21 20:53:16,769 [Worker-45] INFO  o.e.m.c.i.embedder.EclipseLogger - Using 'UTF-8' encoding to copy filtered resources.
2016-07-21 20:53:16,769 [Worker-45] INFO  o.e.m.c.i.embedder.EclipseLogger - skip non existing resourceDirectory F:\Work\Autofix_Project\Autofix\autofix_api\src\test\resources
2016-07-21 21:22:12,341 [Worker-38] INFO  o.e.m.c.i.embedder.EclipseLogger - Using 'UTF-8' encoding to copy filtered resources.
2016-07-21 21:22:12,341 [Worker-38] INFO  o.e.m.c.i.embedder.EclipseLogger - Copying 0 resource
2016-07-21 21:22:12,346 [Worker-38] INFO  o.e.m.c.i.embedder.EclipseLogger - Using 'UTF-8' encoding to copy filtered resources.
2016-07-21 21:22:12,346 [Worker-38] INFO  o.e.m.c.i.embedder.EclipseLogger - skip non existing resourceDirectory F:\Work\Autofix_Project\Autofix\autofix_api\src\test\resources
2016-07-21 21:45:53,951 [Worker-38] INFO  o.e.m.c.i.embedder.EclipseLogger - Using 'UTF-8' encoding to copy filtered resources.
2016-07-21 21:45:53,952 [Worker-38] INFO  o.e.m.c.i.embedder.EclipseLogger - Copying 0 resource
2016-07-21 21:45:53,955 [Worker-38] INFO  o.e.m.c.i.embedder.EclipseLogger - Using 'UTF-8' encoding to copy filtered resources.
2016-07-21 21:45:53,956 [Worker-38] INFO  o.e.m.c.i.embedder.EclipseLogger - skip non existing resourceDirectory F:\Work\Autofix_Project\Autofix\autofix_api\src\test\resources
2016-07-21 22:43:39,916 [Worker-38] INFO  o.e.m.c.i.embedder.EclipseLogger - Using 'UTF-8' encoding to copy filtered resources.
2016-07-21 22:43:39,921 [Worker-38] INFO  o.e.m.c.i.embedder.EclipseLogger - Copying 0 resource
2016-07-21 22:43:39,921 [Worker-38] INFO  o.e.m.c.i.embedder.EclipseLogger - Using 'UTF-8' encoding to copy filtered resources.
2016-07-21 22:43:39,921 [Worker-38] INFO  o.e.m.c.i.embedder.EclipseLogger - skip non existing resourceDirectory F:\Work\Autofix_Project\Autofix\autofix_api\src\test\resources
2016-07-21 22:44:16,913 [Worker-51] INFO  o.e.m.c.i.embedder.EclipseLogger - Using 'UTF-8' encoding to copy filtered resources.
2016-07-21 22:44:16,913 [Worker-51] INFO  o.e.m.c.i.embedder.EclipseLogger - Copying 0 resource
2016-07-21 22:44:16,918 [Worker-51] INFO  o.e.m.c.i.embedder.EclipseLogger - Using 'UTF-8' encoding to copy filtered resources.
2016-07-21 22:44:16,918 [Worker-51] INFO  o.e.m.c.i.embedder.EclipseLogger - skip non existing resourceDirectory F:\Work\Autofix_Project\Autofix\autofix_api\src\test\resources
2016-07-21 23:06:49,423 [Worker-50] INFO  o.e.m.c.i.embedder.EclipseLogger - Using 'UTF-8' encoding to copy filtered resources.
2016-07-21 23:06:49,426 [Worker-50] INFO  o.e.m.c.i.embedder.EclipseLogger - Copying 0 resource
2016-07-21 23:06:49,430 [Worker-50] INFO  o.e.m.c.i.embedder.EclipseLogger - Using 'UTF-8' encoding to copy filtered resources.
2016-07-21 23:06:49,430 [Worker-50] INFO  o.e.m.c.i.embedder.EclipseLogger - skip non existing resourceDirectory F:\Work\Autofix_Project\Autofix\autofix_api\src\test\resources
2016-07-21 23:15:16,247 [Worker-51] INFO  o.e.m.c.i.embedder.EclipseLogger - Using 'UTF-8' encoding to copy filtered resources.
2016-07-21 23:15:16,252 [Worker-51] INFO  o.e.m.c.i.embedder.EclipseLogger - Copying 0 resource
2016-07-21 23:15:16,252 [Worker-51] INFO  o.e.m.c.i.embedder.EclipseLogger - Using 'UTF-8' encoding to copy filtered resources.
2016-07-21 23:15:16,257 [Worker-51] INFO  o.e.m.c.i.embedder.EclipseLogger - skip non existing resourceDirectory F:\Work\Autofix_Project\Autofix\autofix_api\src\test\resources
2016-07-21 23:16:11,228 [Worker-40] INFO  o.e.m.c.i.embedder.EclipseLogger - Using 'UTF-8' encoding to copy filtered resources.
2016-07-21 23:16:11,228 [Worker-40] INFO  o.e.m.c.i.embedder.EclipseLogger - Copying 0 resource
2016-07-21 23:16:11,233 [Worker-40] INFO  o.e.m.c.i.embedder.EclipseLogger - Using 'UTF-8' encoding to copy filtered resources.
2016-07-21 23:16:11,233 [Worker-40] INFO  o.e.m.c.i.embedder.EclipseLogger - skip non existing resourceDirectory F:\Work\Autofix_Project\Autofix\autofix_api\src\test\resources
2016-07-21 23:16:23,419 [Worker-40] INFO  o.e.m.c.i.embedder.EclipseLogger - Using 'UTF-8' encoding to copy filtered resources.
2016-07-21 23:16:23,419 [Worker-40] INFO  o.e.m.c.i.embedder.EclipseLogger - Copying 0 resource
2016-07-21 23:16:23,424 [Worker-40] INFO  o.e.m.c.i.embedder.EclipseLogger - Using 'UTF-8' encoding to copy filtered resources.
2016-07-21 23:16:23,424 [Worker-40] INFO  o.e.m.c.i.embedder.EclipseLogger - skip non existing resourceDirectory F:\Work\Autofix_Project\Autofix\autofix_api\src\test\resources
